1558894075832	mozrunner::runner	INFO	Running command: "/usr/bin/firefox" "-marionette" "blink-settings=imagesEnabled=false" "--no-sandbox" "--start-maximized" "--dissable-gpu" "--disable-extensions" "--proxy-server=\"direct://\"" "--proxy-bypass-list=*" "-foreground" "-no-remote" "-profile" "/tmp/rust_mozprofile.YAB31fZUOkCv"
1558894076160	addons.webextension.screenshots@mozilla.org	WARN	Loading extension 'screenshots@mozilla.org': Reading manifest: Invalid extension permission: mozillaAddons
1558894076160	addons.webextension.screenshots@mozilla.org	WARN	Loading extension 'screenshots@mozilla.org': Reading manifest: Invalid extension permission: resource://pdf.js/
1558894076161	addons.webextension.screenshots@mozilla.org	WARN	Loading extension 'screenshots@mozilla.org': Reading manifest: Invalid extension permission: about:reader*
1558894077387	Marionette	INFO	Listening on port 37097
1558894077475	Marionette	WARN	TLS certificate errors will be ignored for this session
JavaScript error: https://www.sec.gov/cgi-bin/browse-edgar?action=getcompany&CIK=C&type=10-K&dateb=&owner=exclude&count=100&output=xml line 2456 > scriptElement, line 5: ReferenceError: gtmYTplayers is not defined
console.error: BroadcastService: 
  receivedBroadcastMessage: handler for
  remote-settings/monitor_changes
  threw error:
  Message: Error: Polling for changes failed: http://%(server)s/dummy/blocklist//buckets/monitor/collections/changes/records?_expected=%221558742407364%22 is not a valid URL..
  Stack:
    remoteSettingsFunction/remoteSettings.pollChanges@resource://services-settings/remote-settings.js:203:13

[Parent 15195, Gecko_IOThread] WARNING: pipe error (79): Connection reset by peer: file /build/firefox-MhlWie/firefox-67.0+build2/ipc/chromium/src/chrome/common/ipc_channel_posix.cc, line 357
1558894105567	Marionette	INFO	Stopped listening on port 37097
1558894369172	mozrunner::runner	INFO	Running command: "/usr/bin/firefox" "-marionette" "-foreground" "-no-remote" "-profile" "/tmp/rust_mozprofile.BXMIpe8u28Um"
1558894369496	addons.webextension.screenshots@mozilla.org	WARN	Loading extension 'screenshots@mozilla.org': Reading manifest: Invalid extension permission: mozillaAddons
1558894369497	addons.webextension.screenshots@mozilla.org	WARN	Loading extension 'screenshots@mozilla.org': Reading manifest: Invalid extension permission: resource://pdf.js/
1558894369497	addons.webextension.screenshots@mozilla.org	WARN	Loading extension 'screenshots@mozilla.org': Reading manifest: Invalid extension permission: about:reader*
1558894370647	Marionette	INFO	Listening on port 41481
1558894370724	Marionette	WARN	TLS certificate errors will be ignored for this session
JavaScript error: https://www.sec.gov/cgi-bin/browse-edgar?action=getcompany&CIK=C&type=10-K&dateb=&owner=exclude&count=100&output=xml line 2456 > scriptElement, line 5: ReferenceError: gtmYTplayers is not defined
console.error: BroadcastService: 
  receivedBroadcastMessage: handler for
  remote-settings/monitor_changes
  threw error:
  Message: Error: Polling for changes failed: http://%(server)s/dummy/blocklist//buckets/monitor/collections/changes/records?_expected=%221558742407364%22 is not a valid URL..
  Stack:
    remoteSettingsFunction/remoteSettings.pollChanges@resource://services-settings/remote-settings.js:203:13

Exiting due to channel error.
Exiting due to channel error.
Exiting due to channel error.
1558895237169	mozrunner::runner	INFO	Running command: "/usr/bin/firefox" "-marionette" "-foreground" "-no-remote" "-profile" "/tmp/rust_mozprofile.9goFZwXti5xh"
1558895237511	addons.webextension.screenshots@mozilla.org	WARN	Loading extension 'screenshots@mozilla.org': Reading manifest: Invalid extension permission: mozillaAddons
1558895237512	addons.webextension.screenshots@mozilla.org	WARN	Loading extension 'screenshots@mozilla.org': Reading manifest: Invalid extension permission: resource://pdf.js/
1558895237512	addons.webextension.screenshots@mozilla.org	WARN	Loading extension 'screenshots@mozilla.org': Reading manifest: Invalid extension permission: about:reader*
1558895238761	Marionette	INFO	Listening on port 42205
1558895238801	Marionette	WARN	TLS certificate errors will be ignored for this session
JavaScript error: https://www.sec.gov/cgi-bin/browse-edgar?action=getcompany&CIK=C&type=10-K&dateb=&owner=exclude&count=100&output=xml line 2456 > scriptElement, line 5: ReferenceError: gtmYTplayers is not defined
console.error: BroadcastService: 
  receivedBroadcastMessage: handler for
  remote-settings/monitor_changes
  threw error:
  Message: Error: Polling for changes failed: http://%(server)s/dummy/blocklist//buckets/monitor/collections/changes/records?_expected=%221558742407364%22 is not a valid URL..
  Stack:
    remoteSettingsFunction/remoteSettings.pollChanges@resource://services-settings/remote-settings.js:203:13

1558896088193	mozrunner::runner	INFO	Running command: "/usr/bin/firefox" "-marionette" "-foreground" "-no-remote" "-profile" "/tmp/rust_mozprofile.9P9G6BxBzrrf"
1558896088581	addons.webextension.screenshots@mozilla.org	WARN	Loading extension 'screenshots@mozilla.org': Reading manifest: Invalid extension permission: mozillaAddons
1558896088581	addons.webextension.screenshots@mozilla.org	WARN	Loading extension 'screenshots@mozilla.org': Reading manifest: Invalid extension permission: resource://pdf.js/
1558896088581	addons.webextension.screenshots@mozilla.org	WARN	Loading extension 'screenshots@mozilla.org': Reading manifest: Invalid extension permission: about:reader*
1558896089881	Marionette	INFO	Listening on port 41825
1558896089906	Marionette	WARN	TLS certificate errors will be ignored for this session
JavaScript error: https://www.sec.gov/cgi-bin/browse-edgar?action=getcompany&CIK=C&type=10-K&dateb=&owner=exclude&count=100&output=xml line 2456 > scriptElement, line 5: ReferenceError: gtmYTplayers is not defined
console.error: BroadcastService: 
  receivedBroadcastMessage: handler for
  remote-settings/monitor_changes
  threw error:
  Message: Error: Polling for changes failed: http://%(server)s/dummy/blocklist//buckets/monitor/collections/changes/records?_expected=%221558742407364%22 is not a valid URL..
  Stack:
    remoteSettingsFunction/remoteSettings.pollChanges@resource://services-settings/remote-settings.js:203:13

1558896463650	Marionette	INFO	Stopped listening on port 41825
1558896505060	geckodriver	INFO	geckodriver 0.21.0
1558896505066	geckodriver	INFO	Listening on 127.0.0.1:43965
1558896506072	mozrunner::runner	INFO	Running command: "/usr/bin/firefox" "-marionette" "-foreground" "-no-remote" "-profile" "/tmp/rust_mozprofile.I9YyHdMxsRbU"
1558896506432	addons.webextension.screenshots@mozilla.org	WARN	Loading extension 'screenshots@mozilla.org': Reading manifest: Invalid extension permission: mozillaAddons
1558896506433	addons.webextension.screenshots@mozilla.org	WARN	Loading extension 'screenshots@mozilla.org': Reading manifest: Invalid extension permission: resource://pdf.js/
1558896506433	addons.webextension.screenshots@mozilla.org	WARN	Loading extension 'screenshots@mozilla.org': Reading manifest: Invalid extension permission: about:reader*
1558896506530	Marionette	TRACE	Received observer notification profile-after-change
1558896506590	Marionette	TRACE	Received observer notification command-line-startup
1558896506590	Marionette	TRACE	Received observer notification nsPref:changed
1558896506590	Marionette	DEBUG	Init aborted (running=false, enabled=true, finalUIStartup=false)
1558896506750	Marionette	TRACE	Received observer notification toplevel-window-ready
1558896507638	Marionette	TRACE	Received observer notification marionette-startup-requested
1558896507639	Marionette	TRACE	Waiting until startup recorder finished recording startup scripts...
1558896507643	Marionette	TRACE	All scripts recorded.
1558896507643	Marionette	DEBUG	Setting recommended pref app.update.disabledForTesting to true
1558896507644	Marionette	DEBUG	Setting recommended pref apz.content_response_timeout to 60000
1558896507644	Marionette	DEBUG	Setting recommended pref browser.contentblocking.introCount to 99
1558896507644	Marionette	DEBUG	Setting recommended pref browser.download.panel.shown to true
1558896507654	Marionette	DEBUG	Setting recommended pref browser.newtabpage.enabled to false
1558896507655	Marionette	DEBUG	Setting recommended pref browser.pagethumbnails.capturing_disabled to true
1558896507655	Marionette	DEBUG	Setting recommended pref browser.search.update to false
1558896507656	Marionette	DEBUG	Setting recommended pref browser.tabs.disableBackgroundZombification to false
1558896507656	Marionette	DEBUG	Setting recommended pref browser.tabs.warnOnCloseOtherTabs to false
1558896507656	Marionette	DEBUG	Setting recommended pref browser.tabs.warnOnOpen to false
1558896507656	Marionette	DEBUG	Setting recommended pref browser.usedOnWindows10.introURL to 
1558896507656	Marionette	DEBUG	Setting recommended pref browser.urlbar.suggest.searches to false
1558896507657	Marionette	DEBUG	Setting recommended pref datareporting.policy.dataSubmissionPolicyAccepted to false
1558896507657	Marionette	DEBUG	Setting recommended pref dom.disable_beforeunload to true
1558896507657	Marionette	DEBUG	Setting recommended pref dom.disable_open_during_load to false
1558896507657	Marionette	DEBUG	Setting recommended pref dom.file.createInChild to true
1558896507658	Marionette	DEBUG	Setting recommended pref dom.max_chrome_script_run_time to 0
1558896507658	Marionette	DEBUG	Setting recommended pref dom.max_script_run_time to 0
1558896507658	Marionette	DEBUG	Setting recommended pref extensions.getAddons.cache.enabled to false
1558896507658	Marionette	DEBUG	Setting recommended pref extensions.webservice.discoverURL to http://%(server)s/dummy/discoveryURL
1558896507659	Marionette	DEBUG	Setting recommended pref network.http.prompt-temp-redirect to false
1558896507659	Marionette	DEBUG	Setting recommended pref network.http.speculative-parallel-limit to 0
1558896507659	Marionette	DEBUG	Setting recommended pref security.certerrors.mitm.priming.enabled to false
1558896507659	Marionette	DEBUG	Setting recommended pref security.fileuri.strict_origin_policy to false
1558896507659	Marionette	DEBUG	Setting recommended pref security.notification_enable_delay to 0
1558896507659	Marionette	DEBUG	Setting recommended pref signon.autofillForms to false
1558896507659	Marionette	DEBUG	Setting recommended pref signon.rememberSignons to false
1558896507659	Marionette	DEBUG	Setting recommended pref toolkit.cosmeticAnimations.enabled to false
1558896507691	Marionette	INFO	Listening on port 34781
1558896507691	Marionette	DEBUG	Remote service is active
1558896507818	Marionette	DEBUG	Accepted connection 0 from 127.0.0.1:58458
1558896507830	Marionette	DEBUG	0 -> [0,1,"WebDriver:NewSession",{"acceptInsecureCerts":true,"browserName":"firefox","capabilities":{"desiredCapabilities":{"acceptInsecureCerts":true,"browserName":"firefox"}}}]
1558896507831	Marionette	WARN	TLS certificate errors will be ignored for this session
1558896507855	Marionette	TRACE	[4294967297] Frame script loaded
1558896507856	Marionette	TRACE	[4294967297] Frame script registered
1558896507859	Marionette	DEBUG	0 <- [1,1,null,{"sessionId":"96d19fb9-70d0-453e-a899-2a1dfe9055d7","capabilities":{"browserName":"firefox","browserVersion":"67.0" ... alse,"moz:webdriverClick":true,"capabilities":{"desiredCapabilities":{"acceptInsecureCerts":true,"browserName":"firefox"}}}}]
1558896507865	Marionette	DEBUG	0 -> [0,2,"WebDriver:SetTimeouts",{"pageLoad":6000000}]
1558896507866	Marionette	DEBUG	0 <- [1,2,null,{"value":null}]
1558896507868	Marionette	DEBUG	0 -> [0,3,"WebDriver:Navigate",{"url":"https://www.sec.gov/cgi-bin/browse-edgar?action=getcompany&CIK=C&type=10-K&dateb=&owner=exclude&count=100&output=xml"}]
1558896507897	Marionette	TRACE	[4294967297] Received DOM event beforeunload for about:blank
1558896508013	Marionette	TRACE	[4294967297] Received DOM event pagehide for about:blank
1558896510868	Marionette	TRACE	[4294967297] Received DOM event pageshow for https://www.sec.gov/cgi-bin/browse-edgar?action=getcompany&CIK=C&type=10-K&dateb=&owner=exclude&count=100&output=xml
1558896510869	Marionette	DEBUG	0 <- [1,3,null,{"value":null}]
1558896510872	Marionette	DEBUG	0 -> [0,4,"WebDriver:FindElement",{"using":"xpath","value":"//*[@id=\"results\"]/table"}]
1558896510887	Marionette	DEBUG	0 <- [1,4,null,{"value":{"element-6066-11e4-a52e-4f735466cecf":"837648bc-96ec-4bec-a0bc-0f1fda4d169b"}}]
1558896510889	Marionette	DEBUG	0 -> [0,5,"WebDriver:FindElements",{"element":"837648bc-96ec-4bec-a0bc-0f1fda4d169b","using":"css selector","value":"a"}]
1558896510899	Marionette	DEBUG	0 <- [1,5,null,[{"element-6066-11e4-a52e-4f735466cecf":"b04428e4-904f-4f59-9877-6adeb4b4dcf9"},{"element-6066-11e4-a52e-4f735466ce ... ecf":"9af1053f-89e0-4013-8ee6-4711823e9327"},{"element-6066-11e4-a52e-4f735466cecf":"be927bad-c061-4c24-bad8-2dd484aa37fd"}]]
1558896510902	Marionette	DEBUG	0 -> [0,6,"WebDriver:ExecuteScript",{"args":[{"ELEMENT":"b04428e4-904f-4f59-9877-6adeb4b4dcf9","element-6066-11e4-a52e-4f735466cec ... dow!='undefined'?window.document:null}, arguments);}\n).apply(null, arguments);","scriptTimeout":null,"specialPowers":false}]
1558896510907	Marionette	DEBUG	0 <- [1,6,null,{"value":"https://www.sec.gov/Archives/edgar/data/831001/000083100119000027/0000831001-19-000027-index.htm"}]
1558896510910	Marionette	DEBUG	0 -> [0,7,"WebDriver:ExecuteScript",{"args":[{"ELEMENT":"09820498-10b8-4142-80c2-13ef67a8446d","element-6066-11e4-a52e-4f735466cec ... dow!='undefined'?window.document:null}, arguments);}\n).apply(null, arguments);","scriptTimeout":null,"specialPowers":false}]
1558896510915	Marionette	DEBUG	0 <- [1,7,null,{"value":"https://www.sec.gov/Archives/edgar/data/831001/000083100118000040/0000831001-18-000040-index.htm"}]
1558896510918	Marionette	DEBUG	0 -> [0,8,"WebDriver:ExecuteScript",{"args":[{"ELEMENT":"9cc9f01c-ce20-4e00-9d03-a7e2228f685c","element-6066-11e4-a52e-4f735466cec ... dow!='undefined'?window.document:null}, arguments);}\n).apply(null, arguments);","scriptTimeout":null,"specialPowers":false}]
1558896510923	Marionette	DEBUG	0 <- [1,8,null,{"value":"https://www.sec.gov/Archives/edgar/data/831001/000083100117000038/0000831001-17-000038-index.htm"}]
1558896510926	Marionette	DEBUG	0 -> [0,9,"WebDriver:ExecuteScript",{"args":[{"ELEMENT":"a6eeaadd-46e7-451b-8927-677cbd5fb80e","element-6066-11e4-a52e-4f735466cec ... dow!='undefined'?window.document:null}, arguments);}\n).apply(null, arguments);","scriptTimeout":null,"specialPowers":false}]
1558896510931	Marionette	DEBUG	0 <- [1,9,null,{"value":"https://www.sec.gov/Archives/edgar/data/831001/000083100116000235/0000831001-16-000235-index.htm"}]
1558896510934	Marionette	DEBUG	0 -> [0,10,"WebDriver:ExecuteScript",{"args":[{"ELEMENT":"7999f83e-2ea8-4f91-b62b-c47a36b84d6b","element-6066-11e4-a52e-4f735466ce ... dow!='undefined'?window.document:null}, arguments);}\n).apply(null, arguments);","scriptTimeout":null,"specialPowers":false}]
1558896510939	Marionette	DEBUG	0 <- [1,10,null,{"value":"https://www.sec.gov/Archives/edgar/data/831001/000083100115000043/0000831001-15-000043-index.htm"}]
1558896510943	Marionette	DEBUG	0 -> [0,11,"WebDriver:ExecuteScript",{"args":[{"ELEMENT":"1a8a90c6-91e1-4d1b-9d1f-f0e2914b70d0","element-6066-11e4-a52e-4f735466ce ... dow!='undefined'?window.document:null}, arguments);}\n).apply(null, arguments);","scriptTimeout":null,"specialPowers":false}]
1558896510951	Marionette	DEBUG	0 <- [1,11,null,{"value":"https://www.sec.gov/Archives/edgar/data/831001/000110465914015152/0001104659-14-015152-index.htm"}]
1558896510954	Marionette	DEBUG	0 -> [0,12,"WebDriver:ExecuteScript",{"args":[{"ELEMENT":"2acba619-f250-49d9-8a5b-d7cbec63e140","element-6066-11e4-a52e-4f735466ce ... dow!='undefined'?window.document:null}, arguments);}\n).apply(null, arguments);","scriptTimeout":null,"specialPowers":false}]
1558896510960	Marionette	DEBUG	0 <- [1,12,null,{"value":"https://www.sec.gov/Archives/edgar/data/831001/000120677413000852/0001206774-13-000852-index.htm"}]
1558896510963	Marionette	DEBUG	0 -> [0,13,"WebDriver:ExecuteScript",{"args":[{"ELEMENT":"08c835c9-ab54-42dc-9dc9-13660bfb8dfe","element-6066-11e4-a52e-4f735466ce ... dow!='undefined'?window.document:null}, arguments);}\n).apply(null, arguments);","scriptTimeout":null,"specialPowers":false}]
1558896510970	Marionette	DEBUG	0 <- [1,13,null,{"value":"https://www.sec.gov/Archives/edgar/data/831001/000120677412000799/0001206774-12-000799-index.htm"}]
1558896510973	Marionette	DEBUG	0 -> [0,14,"WebDriver:ExecuteScript",{"args":[{"ELEMENT":"e94f6c25-7ca5-49a5-8c41-f198100df962","element-6066-11e4-a52e-4f735466ce ... dow!='undefined'?window.document:null}, arguments);}\n).apply(null, arguments);","scriptTimeout":null,"specialPowers":false}]
1558896510978	Marionette	DEBUG	0 <- [1,14,null,{"value":"https://www.sec.gov/Archives/edgar/data/831001/000120677411000316/0001206774-11-000316-index.htm"}]
1558896510980	Marionette	DEBUG	0 -> [0,15,"WebDriver:ExecuteScript",{"args":[{"ELEMENT":"4ef8944f-9305-41db-b3e1-23ef79c90d11","element-6066-11e4-a52e-4f735466ce ... dow!='undefined'?window.document:null}, arguments);}\n).apply(null, arguments);","scriptTimeout":null,"specialPowers":false}]
1558896510986	Marionette	DEBUG	0 <- [1,15,null,{"value":"https://www.sec.gov/Archives/edgar/data/831001/000120677410000406/0001206774-10-000406-index.htm"}]
1558896510988	Marionette	DEBUG	0 -> [0,16,"WebDriver:ExecuteScript",{"args":[{"ELEMENT":"40fc014c-985a-4b2c-9368-2e995f4a7bbd","element-6066-11e4-a52e-4f735466ce ... dow!='undefined'?window.document:null}, arguments);}\n).apply(null, arguments);","scriptTimeout":null,"specialPowers":false}]
1558896510995	Marionette	DEBUG	0 <- [1,16,null,{"value":"https://www.sec.gov/Archives/edgar/data/831001/000119312509041237/0001193125-09-041237-index.htm"}]
1558896510997	Marionette	DEBUG	0 -> [0,17,"WebDriver:ExecuteScript",{"args":[{"ELEMENT":"78131038-46f0-46e7-b611-aa9dd4c712d3","element-6066-11e4-a52e-4f735466ce ... dow!='undefined'?window.document:null}, arguments);}\n).apply(null, arguments);","scriptTimeout":null,"specialPowers":false}]
1558896511002	Marionette	DEBUG	0 <- [1,17,null,{"value":"https://www.sec.gov/Archives/edgar/data/831001/000119312508036445/0001193125-08-036445-index.htm"}]
1558896511005	Marionette	DEBUG	0 -> [0,18,"WebDriver:ExecuteScript",{"args":[{"ELEMENT":"9d6cec52-dafd-4edc-822e-4f0a661141e7","element-6066-11e4-a52e-4f735466ce ... dow!='undefined'?window.document:null}, arguments);}\n).apply(null, arguments);","scriptTimeout":null,"specialPowers":false}]
1558896511011	Marionette	DEBUG	0 <- [1,18,null,{"value":"https://www.sec.gov/Archives/edgar/data/831001/000119312507038505/0001193125-07-038505-index.htm"}]
1558896511014	Marionette	DEBUG	0 -> [0,19,"WebDriver:ExecuteScript",{"args":[{"ELEMENT":"8c10412d-907d-4fd0-8dd2-1a5dcd6e29e0","element-6066-11e4-a52e-4f735466ce ... dow!='undefined'?window.document:null}, arguments);}\n).apply(null, arguments);","scriptTimeout":null,"specialPowers":false}]
1558896511020	Marionette	DEBUG	0 <- [1,19,null,{"value":"https://www.sec.gov/Archives/edgar/data/831001/000104746906002377/0001047469-06-002377-index.htm"}]
1558896511022	Marionette	DEBUG	0 -> [0,20,"WebDriver:ExecuteScript",{"args":[{"ELEMENT":"1c625434-2203-422f-990f-3696fd2611a8","element-6066-11e4-a52e-4f735466ce ... dow!='undefined'?window.document:null}, arguments);}\n).apply(null, arguments);","scriptTimeout":null,"specialPowers":false}]
1558896511028	Marionette	DEBUG	0 <- [1,20,null,{"value":"https://www.sec.gov/Archives/edgar/data/831001/000104746905004988/0001047469-05-004988-index.htm"}]
1558896511031	Marionette	DEBUG	0 -> [0,21,"WebDriver:ExecuteScript",{"args":[{"ELEMENT":"4a17d021-0d28-45e8-bf4d-4b2bb256a648","element-6066-11e4-a52e-4f735466ce ... dow!='undefined'?window.document:null}, arguments);}\n).apply(null, arguments);","scriptTimeout":null,"specialPowers":false}]
1558896511036	Marionette	DEBUG	0 <- [1,21,null,{"value":"https://www.sec.gov/Archives/edgar/data/831001/000104746904006087/0001047469-04-006087-index.htm"}]
1558896511038	Marionette	DEBUG	0 -> [0,22,"WebDriver:ExecuteScript",{"args":[{"ELEMENT":"eaaf120a-b966-40c0-81f2-2825fb105794","element-6066-11e4-a52e-4f735466ce ... dow!='undefined'?window.document:null}, arguments);}\n).apply(null, arguments);","scriptTimeout":null,"specialPowers":false}]
1558896511043	Marionette	DEBUG	0 <- [1,22,null,{"value":"https://www.sec.gov/Archives/edgar/data/831001/000104746903007460/0001047469-03-007460-index.htm"}]
1558896511046	Marionette	DEBUG	0 -> [0,23,"WebDriver:ExecuteScript",{"args":[{"ELEMENT":"4d7ca3c5-c3fd-4631-afa1-727f7c4cce98","element-6066-11e4-a52e-4f735466ce ... dow!='undefined'?window.document:null}, arguments);}\n).apply(null, arguments);","scriptTimeout":null,"specialPowers":false}]
1558896511052	Marionette	DEBUG	0 <- [1,23,null,{"value":"https://www.sec.gov/Archives/edgar/data/831001/000095012302006629/0000950123-02-006629-index.htm"}]
1558896511054	Marionette	DEBUG	0 -> [0,24,"WebDriver:ExecuteScript",{"args":[{"ELEMENT":"a9103c89-de8d-4524-8159-ac1d7ba83bf1","element-6066-11e4-a52e-4f735466ce ... dow!='undefined'?window.document:null}, arguments);}\n).apply(null, arguments);","scriptTimeout":null,"specialPowers":false}]
1558896511059	Marionette	DEBUG	0 <- [1,24,null,{"value":"https://www.sec.gov/Archives/edgar/data/831001/000091205702009629/0000912057-02-009629-index.htm"}]
1558896511062	Marionette	DEBUG	0 -> [0,25,"WebDriver:ExecuteScript",{"args":[{"ELEMENT":"af24293a-9dfc-470d-8c69-abbdbe32340b","element-6066-11e4-a52e-4f735466ce ... dow!='undefined'?window.document:null}, arguments);}\n).apply(null, arguments);","scriptTimeout":null,"specialPowers":false}]
1558896511068	Marionette	DEBUG	0 <- [1,25,null,{"value":"https://www.sec.gov/Archives/edgar/data/831001/000095012301504011/0000950123-01-504011-index.htm"}]
1558896511070	Marionette	DEBUG	0 -> [0,26,"WebDriver:ExecuteScript",{"args":[{"ELEMENT":"df64f711-4c02-4655-aafa-9ca42c4e7707","element-6066-11e4-a52e-4f735466ce ... dow!='undefined'?window.document:null}, arguments);}\n).apply(null, arguments);","scriptTimeout":null,"specialPowers":false}]
1558896511076	Marionette	DEBUG	0 <- [1,26,null,{"value":"https://www.sec.gov/Archives/edgar/data/831001/000091205701007605/0000912057-01-007605-index.htm"}]
1558896511078	Marionette	DEBUG	0 -> [0,27,"WebDriver:ExecuteScript",{"args":[{"ELEMENT":"375f8d42-2660-43f1-8a02-6e6129894bec","element-6066-11e4-a52e-4f735466ce ... dow!='undefined'?window.document:null}, arguments);}\n).apply(null, arguments);","scriptTimeout":null,"specialPowers":false}]
1558896511083	Marionette	DEBUG	0 <- [1,27,null,{"value":"https://www.sec.gov/Archives/edgar/data/831001/000095012300006154/0000950123-00-006154-index.htm"}]
1558896511085	Marionette	DEBUG	0 -> [0,28,"WebDriver:ExecuteScript",{"args":[{"ELEMENT":"ee761697-c82c-423a-a5c8-bc65909f47b6","element-6066-11e4-a52e-4f735466ce ... dow!='undefined'?window.document:null}, arguments);}\n).apply(null, arguments);","scriptTimeout":null,"specialPowers":false}]
1558896511090	Marionette	DEBUG	0 <- [1,28,null,{"value":"https://www.sec.gov/Archives/edgar/data/831001/0001005477-00-002089-index.html"}]
1558896511095	Marionette	DEBUG	0 -> [0,29,"WebDriver:ExecuteScript",{"args":[{"ELEMENT":"19967460-57dc-4c5f-9284-a957728875da","element-6066-11e4-a52e-4f735466ce ... dow!='undefined'?window.document:null}, arguments);}\n).apply(null, arguments);","scriptTimeout":null,"specialPowers":false}]
1558896511101	Marionette	DEBUG	0 <- [1,29,null,{"value":"https://www.sec.gov/Archives/edgar/data/831001/0001005477-99-003010-index.html"}]
1558896511104	Marionette	DEBUG	0 -> [0,30,"WebDriver:ExecuteScript",{"args":[{"ELEMENT":"ac424d75-99b1-4189-ac83-f44e155d5747","element-6066-11e4-a52e-4f735466ce ... dow!='undefined'?window.document:null}, arguments);}\n).apply(null, arguments);","scriptTimeout":null,"specialPowers":false}]
1558896511108	Marionette	DEBUG	0 <- [1,30,null,{"value":"https://www.sec.gov/Archives/edgar/data/831001/0001047469-99-008860-index.html"}]
1558896511111	Marionette	DEBUG	0 -> [0,31,"WebDriver:ExecuteScript",{"args":[{"ELEMENT":"276cc28e-bc54-4727-ace3-b89721f16053","element-6066-11e4-a52e-4f735466ce ... dow!='undefined'?window.document:null}, arguments);}\n).apply(null, arguments);","scriptTimeout":null,"specialPowers":false}]
1558896511117	Marionette	DEBUG	0 <- [1,31,null,{"value":"https://www.sec.gov/Archives/edgar/data/831001/0001005477-98-002109-index.html"}]
1558896511119	Marionette	DEBUG	0 -> [0,32,"WebDriver:ExecuteScript",{"args":[{"ELEMENT":"636905ea-c07e-458a-8adb-b9f365ec21b3","element-6066-11e4-a52e-4f735466ce ... dow!='undefined'?window.document:null}, arguments);}\n).apply(null, arguments);","scriptTimeout":null,"specialPowers":false}]
1558896511125	Marionette	DEBUG	0 <- [1,32,null,{"value":"https://www.sec.gov/Archives/edgar/data/831001/0001005477-98-000860-index.html"}]
1558896511128	Marionette	DEBUG	0 -> [0,33,"WebDriver:ExecuteScript",{"args":[{"ELEMENT":"fcd57ec7-9802-4ba2-9d01-417bc5bffd32","element-6066-11e4-a52e-4f735466ce ... dow!='undefined'?window.document:null}, arguments);}\n).apply(null, arguments);","scriptTimeout":null,"specialPowers":false}]
1558896511132	Marionette	DEBUG	0 <- [1,33,null,{"value":"https://www.sec.gov/Archives/edgar/data/831001/0001005477-97-002364-index.html"}]
1558896511135	Marionette	DEBUG	0 -> [0,34,"WebDriver:ExecuteScript",{"args":[{"ELEMENT":"25ef4fb7-9434-474b-bd16-ec41aaddebbd","element-6066-11e4-a52e-4f735466ce ... dow!='undefined'?window.document:null}, arguments);}\n).apply(null, arguments);","scriptTimeout":null,"specialPowers":false}]
1558896511141	Marionette	DEBUG	0 <- [1,34,null,{"value":"https://www.sec.gov/Archives/edgar/data/831001/0000912057-97-022012-index.html"}]
1558896511144	Marionette	DEBUG	0 -> [0,35,"WebDriver:ExecuteScript",{"args":[{"ELEMENT":"1fd030f0-2e2b-416a-8c79-72fca21f7d7f","element-6066-11e4-a52e-4f735466ce ... dow!='undefined'?window.document:null}, arguments);}\n).apply(null, arguments);","scriptTimeout":null,"specialPowers":false}]
1558896511149	Marionette	DEBUG	0 <- [1,35,null,{"value":"https://www.sec.gov/Archives/edgar/data/831001/0001005477-97-000866-index.html"}]
1558896511152	Marionette	DEBUG	0 -> [0,36,"WebDriver:ExecuteScript",{"args":[{"ELEMENT":"305ce6c1-e9e2-42a6-a0e8-5d09139b81c7","element-6066-11e4-a52e-4f735466ce ... dow!='undefined'?window.document:null}, arguments);}\n).apply(null, arguments);","scriptTimeout":null,"specialPowers":false}]
1558896511157	Marionette	DEBUG	0 <- [1,36,null,{"value":"https://www.sec.gov/Archives/edgar/data/831001/0000950112-96-002225-index.html"}]
1558896511159	Marionette	DEBUG	0 -> [0,37,"WebDriver:ExecuteScript",{"args":[{"ELEMENT":"fd2d233b-eaa0-422a-81c6-4877d85ade90","element-6066-11e4-a52e-4f735466ce ... dow!='undefined'?window.document:null}, arguments);}\n).apply(null, arguments);","scriptTimeout":null,"specialPowers":false}]
1558896511164	Marionette	DEBUG	0 <- [1,37,null,{"value":"https://www.sec.gov/Archives/edgar/data/831001/0000950112-96-000929-index.html"}]
1558896511166	Marionette	DEBUG	0 -> [0,38,"WebDriver:ExecuteScript",{"args":[{"ELEMENT":"a00cf779-b3d9-418c-bb1b-d36aa11a2f51","element-6066-11e4-a52e-4f735466ce ... dow!='undefined'?window.document:null}, arguments);}\n).apply(null, arguments);","scriptTimeout":null,"specialPowers":false}]
1558896511171	Marionette	DEBUG	0 <- [1,38,null,{"value":"https://www.sec.gov/Archives/edgar/data/831001/0000950112-95-001867-index.html"}]
1558896511174	Marionette	DEBUG	0 -> [0,39,"WebDriver:ExecuteScript",{"args":[{"ELEMENT":"59104e4d-1e6a-4577-8d98-a50d6f566021","element-6066-11e4-a52e-4f735466ce ... dow!='undefined'?window.document:null}, arguments);}\n).apply(null, arguments);","scriptTimeout":null,"specialPowers":false}]
1558896511180	Marionette	DEBUG	0 <- [1,39,null,{"value":"https://www.sec.gov/Archives/edgar/data/831001/0000950112-95-001791-index.html"}]
1558896511183	Marionette	DEBUG	0 -> [0,40,"WebDriver:ExecuteScript",{"args":[{"ELEMENT":"60808556-3087-4e40-a7c0-168dd9f92ce3","element-6066-11e4-a52e-4f735466ce ... dow!='undefined'?window.document:null}, arguments);}\n).apply(null, arguments);","scriptTimeout":null,"specialPowers":false}]
1558896511189	Marionette	DEBUG	0 <- [1,40,null,{"value":"https://www.sec.gov/Archives/edgar/data/831001/0000950112-95-000845-index.html"}]
1558896511191	Marionette	DEBUG	0 -> [0,41,"WebDriver:ExecuteScript",{"args":[{"ELEMENT":"9af1053f-89e0-4013-8ee6-4711823e9327","element-6066-11e4-a52e-4f735466ce ... dow!='undefined'?window.document:null}, arguments);}\n).apply(null, arguments);","scriptTimeout":null,"specialPowers":false}]
1558896511198	Marionette	DEBUG	0 <- [1,41,null,{"value":"https://www.sec.gov/Archives/edgar/data/831001/0000950112-94-001749-index.html"}]
1558896511201	Marionette	DEBUG	0 -> [0,42,"WebDriver:ExecuteScript",{"args":[{"ELEMENT":"be927bad-c061-4c24-bad8-2dd484aa37fd","element-6066-11e4-a52e-4f735466ce ... dow!='undefined'?window.document:null}, arguments);}\n).apply(null, arguments);","scriptTimeout":null,"specialPowers":false}]
1558896511206	Marionette	DEBUG	0 <- [1,42,null,{"value":"https://www.sec.gov/Archives/edgar/data/831001/0000950112-94-000839-index.html"}]
1558896511211	Marionette	DEBUG	0 -> [0,43,"WebDriver:Navigate",{"url":"https://www.sec.gov/Archives/edgar/data/831001/000083100119000027/0000831001-19-000027.txt"}]
1558896511213	Marionette	TRACE	[4294967297] Received DOM event beforeunload for https://www.sec.gov/cgi-bin/browse-edgar?action=getcompany&CIK=C&type=10-K&dateb=&owner=exclude&count=100&output=xml
JavaScript error: https://www.sec.gov/cgi-bin/browse-edgar?action=getcompany&CIK=C&type=10-K&dateb=&owner=exclude&count=100&output=xml line 2456 > scriptElement, line 5: ReferenceError: gtmYTplayers is not defined
1558896511241	Marionette	TRACE	[4294967297] Received DOM event pagehide for https://www.sec.gov/cgi-bin/browse-edgar?action=getcompany&CIK=C&type=10-K&dateb=&owner=exclude&count=100&output=xml
1558896511242	Marionette	TRACE	[4294967297] Received DOM event unload for https://www.sec.gov/cgi-bin/browse-edgar?action=getcompany&CIK=C&type=10-K&dateb=&owner=exclude&count=100&output=xml
1558896516145	Marionette	TRACE	[4294967297] Received observer notification outer-window-destroyed
1558896526326	Marionette	TRACE	[4294967297] Received DOM event DOMContentLoaded for https://www.sec.gov/Archives/edgar/data/831001/000083100119000027/0000831001-19-000027.txt
1558896526329	Marionette	TRACE	[4294967297] Received DOM event pageshow for https://www.sec.gov/Archives/edgar/data/831001/000083100119000027/0000831001-19-000027.txt
1558896526331	Marionette	DEBUG	0 <- [1,43,null,{"value":null}]
1558896526337	Marionette	DEBUG	0 -> [0,44,"WebDriver:GetPageSource",{}]
1558896527728	Marionette	DEBUG	0 <- [1,44,null,{"value":"<html><head><link rel=\"alternate stylesheet\" type=\"text/css\" href=\"resource://content-accessible/pl ...     &amp;  8 &gt; $  '#_&amp;0    $!\n\nend\n&lt;/TEXT&gt;\n&lt;/DOCUMENT&gt;\n&lt;/SEC-DOCUMENT&gt;\n</pre></body></html>"}]
console.error: BroadcastService: 
  receivedBroadcastMessage: handler for
  remote-settings/monitor_changes
  threw error:
  Message: Error: Polling for changes failed: http://%(server)s/dummy/blocklist//buckets/monitor/collections/changes/records?_expected=%221558742407364%22 is not a valid URL..
  Stack:
    remoteSettingsFunction/remoteSettings.pollChanges@resource://services-settings/remote-settings.js:203:13

1558896532769	Marionette	DEBUG	0 -> [0,45,"WebDriver:Navigate",{"url":"https://www.sec.gov/Archives/edgar/data/831001/000083100118000040/0000831001-18-000040.txt"}]
1558896532778	Marionette	TRACE	[4294967297] Received DOM event beforeunload for https://www.sec.gov/Archives/edgar/data/831001/000083100119000027/0000831001-19-000027.txt
1558896532814	Marionette	TRACE	[4294967297] Received DOM event pagehide for https://www.sec.gov/Archives/edgar/data/831001/000083100119000027/0000831001-19-000027.txt
1558896547493	Marionette	TRACE	[4294967297] Received DOM event DOMContentLoaded for https://www.sec.gov/Archives/edgar/data/831001/000083100118000040/0000831001-18-000040.txt
1558896547682	Marionette	TRACE	[4294967297] Received DOM event pageshow for https://www.sec.gov/Archives/edgar/data/831001/000083100118000040/0000831001-18-000040.txt
1558896547684	Marionette	DEBUG	0 <- [1,45,null,{"value":null}]
1558896547690	Marionette	DEBUG	0 -> [0,46,"WebDriver:GetPageSource",{}]
1558896549084	Marionette	DEBUG	0 <- [1,46,null,{"value":"<html><head><link rel=\"alternate stylesheet\" type=\"text/css\" href=\"resource://content-accessible/pl ... Q0\n52P4&amp;      8 !@!X 0  H]&lt;9\n\nend\n&lt;/TEXT&gt;\n&lt;/DOCUMENT&gt;\n&lt;/SEC-DOCUMENT&gt;\n</pre></body></html>"}]
1558896553625	Marionette	DEBUG	0 -> [0,47,"WebDriver:Navigate",{"url":"https://www.sec.gov/Archives/edgar/data/831001/000083100117000038/0000831001-17-000038.txt"}]
1558896553633	Marionette	TRACE	[4294967297] Received DOM event beforeunload for https://www.sec.gov/Archives/edgar/data/831001/000083100118000040/0000831001-18-000040.txt
1558896553685	Marionette	TRACE	[4294967297] Received DOM event pagehide for https://www.sec.gov/Archives/edgar/data/831001/000083100118000040/0000831001-18-000040.txt
1558896568949	Marionette	TRACE	[4294967297] Received DOM event DOMContentLoaded for https://www.sec.gov/Archives/edgar/data/831001/000083100117000038/0000831001-17-000038.txt
1558896568957	Marionette	TRACE	[4294967297] Received DOM event pageshow for https://www.sec.gov/Archives/edgar/data/831001/000083100117000038/0000831001-17-000038.txt
1558896568959	Marionette	DEBUG	0 <- [1,47,null,{"value":null}]
1558896568962	Marionette	DEBUG	0 -> [0,48,"WebDriver:GetPageSource",{}]
1558896570275	Marionette	DEBUG	0 <- [1,48,null,{"value":"<html><head><link rel=\"alternate stylesheet\" type=\"text/css\" href=\"resource://content-accessible/pl ... !+!08\n1    !@ &amp; '@!  #?:1H    !\n\nend\n&lt;/TEXT&gt;\n&lt;/DOCUMENT&gt;\n&lt;/SEC-DOCUMENT&gt;\n</pre></body></html>"}]
1558896574107	Marionette	DEBUG	0 -> [0,49,"WebDriver:Navigate",{"url":"https://www.sec.gov/Archives/edgar/data/831001/000083100116000235/0000831001-16-000235.txt"}]
1558896574111	Marionette	TRACE	[4294967297] Received DOM event beforeunload for https://www.sec.gov/Archives/edgar/data/831001/000083100117000038/0000831001-17-000038.txt
1558896574238	Marionette	TRACE	[4294967297] Received DOM event pagehide for https://www.sec.gov/Archives/edgar/data/831001/000083100117000038/0000831001-17-000038.txt
1558896590162	Marionette	TRACE	[4294967297] Received DOM event DOMContentLoaded for https://www.sec.gov/Archives/edgar/data/831001/000083100116000235/0000831001-16-000235.txt
1558896590168	Marionette	TRACE	[4294967297] Received DOM event pageshow for https://www.sec.gov/Archives/edgar/data/831001/000083100116000235/0000831001-16-000235.txt
1558896590170	Marionette	DEBUG	0 <- [1,49,null,{"value":null}]
1558896590175	Marionette	DEBUG	0 -> [0,50,"WebDriver:GetPageSource",{}]
1558896591699	Marionette	DEBUG	0 <- [1,50,null,{"value":"<html><head><link rel=\"alternate stylesheet\" type=\"text/css\" href=\"resource://content-accessible/pl ... X;6Q02P4&amp;      8 !@!X 0  :4D;\n#\n\nend\n&lt;/TEXT&gt;\n&lt;/DOCUMENT&gt;\n&lt;/SEC-DOCUMENT&gt;\n</pre></body></html>"}]
1558896595724	Marionette	DEBUG	0 -> [0,51,"WebDriver:Navigate",{"url":"https://www.sec.gov/Archives/edgar/data/831001/000083100115000043/0000831001-15-000043.txt"}]
1558896595735	Marionette	TRACE	[4294967297] Received DOM event beforeunload for https://www.sec.gov/Archives/edgar/data/831001/000083100116000235/0000831001-16-000235.txt
1558896595774	Marionette	TRACE	[4294967297] Received DOM event pagehide for https://www.sec.gov/Archives/edgar/data/831001/000083100116000235/0000831001-16-000235.txt
1558896614773	Marionette	TRACE	[4294967297] Received DOM event DOMContentLoaded for https://www.sec.gov/Archives/edgar/data/831001/000083100115000043/0000831001-15-000043.txt
1558896618044	Marionette	TRACE	[4294967297] Received DOM event pageshow for https://www.sec.gov/Archives/edgar/data/831001/000083100115000043/0000831001-15-000043.txt
1558896618045	Marionette	DEBUG	0 <- [1,51,null,{"value":null}]
1558896618052	Marionette	DEBUG	0 -> [0,52,"WebDriver:GetPageSource",{}]
1558896620141	Marionette	DEBUG	0 <- [1,52,null,{"value":"<html><head><link rel=\"alternate stylesheet\" type=\"text/css\" href=\"resource://content-accessible/pl ... lt;/div&gt;\n  &lt;/body&gt;\n&lt;/html&gt;\n&lt;/TEXT&gt;\n&lt;/DOCUMENT&gt;\n&lt;/SEC-DOCUMENT&gt;\n</pre></body></html>"}]
1558896628414	Marionette	DEBUG	0 -> [0,53,"WebDriver:Navigate",{"url":"https://www.sec.gov/Archives/edgar/data/831001/000110465914015152/0001104659-14-015152.txt"}]
1558896628421	Marionette	TRACE	[4294967297] Received DOM event beforeunload for https://www.sec.gov/Archives/edgar/data/831001/000083100115000043/0000831001-15-000043.txt
1558896628465	Marionette	TRACE	[4294967297] Received DOM event pagehide for https://www.sec.gov/Archives/edgar/data/831001/000083100115000043/0000831001-15-000043.txt
1558896649069	Marionette	TRACE	[4294967297] Received DOM event DOMContentLoaded for https://www.sec.gov/Archives/edgar/data/831001/000110465914015152/0001104659-14-015152.txt
1558896649073	Marionette	TRACE	[4294967297] Received DOM event pageshow for https://www.sec.gov/Archives/edgar/data/831001/000110465914015152/0001104659-14-015152.txt
1558896649074	Marionette	DEBUG	0 <- [1,53,null,{"value":null}]
1558896649082	Marionette	DEBUG	0 -> [0,54,"WebDriver:GetPageSource",{}]
1558896650445	Marionette	DEBUG	0 <- [1,54,{"error":"unknown error","message":"[Exception... \"Failure\"  nsresult: \"0x80004005 (NS_ERROR_FAILURE)\"  location: \ ... Response@chrome://marionette/content/listener.js:636:3\ndispatch/</<@chrome://marionette/content/listener.js:486:20\n"},null]
1558896650584	Marionette	DEBUG	Closed connection 0
[Parent 20270, Gecko_IOThread] WARNING: pipe error (77): Connection reset by peer: file /build/firefox-MhlWie/firefox-67.0+build2/ipc/chromium/src/chrome/common/ipc_channel_posix.cc, line 357
1558902913476	Marionette	TRACE	Received observer notification xpcom-will-shutdown
1558902913476	Marionette	DEBUG	Resetting recommended pref app.update.disabledForTesting
1558902913476	Marionette	DEBUG	Resetting recommended pref apz.content_response_timeout
1558902913476	Marionette	DEBUG	Resetting recommended pref browser.contentblocking.introCount
1558902913476	Marionette	DEBUG	Resetting recommended pref browser.download.panel.shown
1558902913476	Marionette	DEBUG	Resetting recommended pref browser.newtabpage.enabled
1558902913476	Marionette	DEBUG	Resetting recommended pref browser.pagethumbnails.capturing_disabled
1558902913476	Marionette	DEBUG	Resetting recommended pref browser.search.update
1558902913476	Marionette	DEBUG	Resetting recommended pref browser.tabs.disableBackgroundZombification
1558902913477	Marionette	DEBUG	Resetting recommended pref browser.tabs.warnOnCloseOtherTabs
1558902913477	Marionette	DEBUG	Resetting recommended pref browser.tabs.warnOnOpen
1558902913477	Marionette	DEBUG	Resetting recommended pref browser.usedOnWindows10.introURL
1558902913477	Marionette	DEBUG	Resetting recommended pref browser.urlbar.suggest.searches
1558902913477	Marionette	DEBUG	Resetting recommended pref datareporting.policy.dataSubmissionPolicyAccepted
1558902913477	Marionette	DEBUG	Resetting recommended pref dom.disable_beforeunload
1558902913477	Marionette	DEBUG	Resetting recommended pref dom.disable_open_during_load
1558902913477	Marionette	DEBUG	Resetting recommended pref dom.file.createInChild
1558902913478	Marionette	DEBUG	Resetting recommended pref dom.max_chrome_script_run_time
1558902913478	Marionette	DEBUG	Resetting recommended pref dom.max_script_run_time
1558902913478	Marionette	DEBUG	Resetting recommended pref extensions.getAddons.cache.enabled
1558902913478	Marionette	DEBUG	Resetting recommended pref extensions.webservice.discoverURL
1558902913478	Marionette	DEBUG	Resetting recommended pref network.http.prompt-temp-redirect
1558902913478	Marionette	DEBUG	Resetting recommended pref network.http.speculative-parallel-limit
1558902913478	Marionette	DEBUG	Resetting recommended pref security.certerrors.mitm.priming.enabled
1558902913478	Marionette	DEBUG	Resetting recommended pref security.fileuri.strict_origin_policy
1558902913478	Marionette	DEBUG	Resetting recommended pref security.notification_enable_delay
1558902913478	Marionette	DEBUG	Resetting recommended pref signon.autofillForms
1558902913478	Marionette	DEBUG	Resetting recommended pref signon.rememberSignons
1558902913478	Marionette	DEBUG	Resetting recommended pref toolkit.cosmeticAnimations.enabled
1558902913479	Marionette	INFO	Stopped listening on port 34781
1558902913479	Marionette	DEBUG	Remote service is inactive
1558902957374	geckodriver	INFO	geckodriver 0.21.0
1558902957384	geckodriver	INFO	Listening on 127.0.0.1:58965
1558902958383	mozrunner::runner	INFO	Running command: "/usr/bin/firefox" "-marionette" "-foreground" "-no-remote" "-profile" "/tmp/rust_mozprofile.1qwN1fGeqZ2i"
1558902958683	addons.webextension.screenshots@mozilla.org	WARN	Loading extension 'screenshots@mozilla.org': Reading manifest: Invalid extension permission: mozillaAddons
1558902958683	addons.webextension.screenshots@mozilla.org	WARN	Loading extension 'screenshots@mozilla.org': Reading manifest: Invalid extension permission: resource://pdf.js/
1558902958683	addons.webextension.screenshots@mozilla.org	WARN	Loading extension 'screenshots@mozilla.org': Reading manifest: Invalid extension permission: about:reader*
1558902958775	Marionette	TRACE	Received observer notification profile-after-change
1558902958824	Marionette	TRACE	Received observer notification command-line-startup
1558902958824	Marionette	TRACE	Received observer notification nsPref:changed
1558902958824	Marionette	DEBUG	Init aborted (running=false, enabled=true, finalUIStartup=false)
1558902958940	Marionette	TRACE	Received observer notification toplevel-window-ready
1558902959769	Marionette	TRACE	Received observer notification marionette-startup-requested
1558902959770	Marionette	TRACE	Waiting until startup recorder finished recording startup scripts...
1558902959782	Marionette	TRACE	All scripts recorded.
1558902959782	Marionette	DEBUG	Setting recommended pref app.update.disabledForTesting to true
1558902959782	Marionette	DEBUG	Setting recommended pref apz.content_response_timeout to 60000
1558902959782	Marionette	DEBUG	Setting recommended pref browser.contentblocking.introCount to 99
1558902959782	Marionette	DEBUG	Setting recommended pref browser.download.panel.shown to true
1558902959783	Marionette	DEBUG	Setting recommended pref browser.newtabpage.enabled to false
1558902959783	Marionette	DEBUG	Setting recommended pref browser.pagethumbnails.capturing_disabled to true
1558902959784	Marionette	DEBUG	Setting recommended pref browser.search.update to false
1558902959784	Marionette	DEBUG	Setting recommended pref browser.tabs.disableBackgroundZombification to false
1558902959784	Marionette	DEBUG	Setting recommended pref browser.tabs.warnOnCloseOtherTabs to false
1558902959785	Marionette	DEBUG	Setting recommended pref browser.tabs.warnOnOpen to false
1558902959785	Marionette	DEBUG	Setting recommended pref browser.usedOnWindows10.introURL to 
1558902959785	Marionette	DEBUG	Setting recommended pref browser.urlbar.suggest.searches to false
1558902959786	Marionette	DEBUG	Setting recommended pref datareporting.policy.dataSubmissionPolicyAccepted to false
1558902959786	Marionette	DEBUG	Setting recommended pref dom.disable_beforeunload to true
1558902959786	Marionette	DEBUG	Setting recommended pref dom.disable_open_during_load to false
1558902959786	Marionette	DEBUG	Setting recommended pref dom.file.createInChild to true
1558902959786	Marionette	DEBUG	Setting recommended pref dom.max_chrome_script_run_time to 0
1558902959787	Marionette	DEBUG	Setting recommended pref dom.max_script_run_time to 0
1558902959787	Marionette	DEBUG	Setting recommended pref extensions.getAddons.cache.enabled to false
1558902959787	Marionette	DEBUG	Setting recommended pref extensions.webservice.discoverURL to http://%(server)s/dummy/discoveryURL
1558902959787	Marionette	DEBUG	Setting recommended pref network.http.prompt-temp-redirect to false
1558902959787	Marionette	DEBUG	Setting recommended pref network.http.speculative-parallel-limit to 0
1558902959788	Marionette	DEBUG	Setting recommended pref security.certerrors.mitm.priming.enabled to false
1558902959788	Marionette	DEBUG	Setting recommended pref security.fileuri.strict_origin_policy to false
1558902959788	Marionette	DEBUG	Setting recommended pref security.notification_enable_delay to 0
1558902959788	Marionette	DEBUG	Setting recommended pref signon.autofillForms to false
1558902959788	Marionette	DEBUG	Setting recommended pref signon.rememberSignons to false
1558902959788	Marionette	DEBUG	Setting recommended pref toolkit.cosmeticAnimations.enabled to false
1558902959817	Marionette	INFO	Listening on port 43271
1558902959817	Marionette	DEBUG	Remote service is active
1558902959888	Marionette	DEBUG	Accepted connection 0 from 127.0.0.1:46576
1558902959890	Marionette	DEBUG	0 -> [0,1,"WebDriver:NewSession",{"acceptInsecureCerts":true,"browserName":"firefox","capabilities":{"desiredCapabilities":{"acceptInsecureCerts":true,"browserName":"firefox"}}}]
1558902959891	Marionette	WARN	TLS certificate errors will be ignored for this session
1558902959923	Marionette	TRACE	[4294967297] Frame script loaded
1558902959924	Marionette	TRACE	[4294967297] Frame script registered
1558902959928	Marionette	DEBUG	0 <- [1,1,null,{"sessionId":"791034a6-2c06-47a1-86f4-7a9d49060ab4","capabilities":{"browserName":"firefox","browserVersion":"67.0" ... alse,"moz:webdriverClick":true,"capabilities":{"desiredCapabilities":{"acceptInsecureCerts":true,"browserName":"firefox"}}}}]
1558902959937	Marionette	DEBUG	0 -> [0,2,"WebDriver:Navigate",{"url":"https://www.sec.gov/cgi-bin/browse-edgar?action=getcompany&CIK=C&type=10-K&dateb=&owner=exclude&count=100&output=xml"}]
1558902959965	Marionette	TRACE	[4294967297] Received DOM event beforeunload for about:blank
1558902960521	Marionette	TRACE	[4294967297] Received DOM event pagehide for about:blank
1558902963642	Marionette	TRACE	[4294967297] Received DOM event pageshow for https://www.sec.gov/cgi-bin/browse-edgar?action=getcompany&CIK=C&type=10-K&dateb=&owner=exclude&count=100&output=xml
1558902963645	Marionette	DEBUG	0 <- [1,2,null,{"value":null}]
1558902963649	Marionette	DEBUG	0 -> [0,3,"WebDriver:FindElement",{"using":"xpath","value":"//*[@id=\"results\"]/table"}]
1558902963658	Marionette	DEBUG	0 <- [1,3,null,{"value":{"element-6066-11e4-a52e-4f735466cecf":"18708a25-1614-4654-963b-b7efa5638010"}}]
1558902963662	Marionette	DEBUG	0 -> [0,4,"WebDriver:FindElements",{"element":"18708a25-1614-4654-963b-b7efa5638010","using":"css selector","value":"a"}]
1558902963672	Marionette	DEBUG	0 <- [1,4,null,[{"element-6066-11e4-a52e-4f735466cecf":"d5c3f1c1-a23f-4c7f-86fa-d13224d48e84"},{"element-6066-11e4-a52e-4f735466ce ... ecf":"f4e31f91-a44c-414f-9cb0-bcde972c2d22"},{"element-6066-11e4-a52e-4f735466cecf":"7be5ee7b-9dd6-4235-8d3b-9e6c9973227c"}]]
1558902963675	Marionette	DEBUG	0 -> [0,5,"WebDriver:ExecuteScript",{"args":[{"ELEMENT":"d5c3f1c1-a23f-4c7f-86fa-d13224d48e84","element-6066-11e4-a52e-4f735466cec ... dow!='undefined'?window.document:null}, arguments);}\n).apply(null, arguments);","scriptTimeout":null,"specialPowers":false}]
1558902963683	Marionette	DEBUG	0 <- [1,5,null,{"value":"https://www.sec.gov/Archives/edgar/data/831001/000083100119000027/0000831001-19-000027-index.htm"}]
1558902963686	Marionette	DEBUG	0 -> [0,6,"WebDriver:ExecuteScript",{"args":[{"ELEMENT":"4e97003c-957b-45c3-b506-739fb2e5f31b","element-6066-11e4-a52e-4f735466cec ... dow!='undefined'?window.document:null}, arguments);}\n).apply(null, arguments);","scriptTimeout":null,"specialPowers":false}]
1558902963691	Marionette	DEBUG	0 <- [1,6,null,{"value":"https://www.sec.gov/Archives/edgar/data/831001/000083100118000040/0000831001-18-000040-index.htm"}]
1558902963695	Marionette	DEBUG	0 -> [0,7,"WebDriver:ExecuteScript",{"args":[{"ELEMENT":"365275b6-cf28-4ebc-81fb-6420dfee9dae","element-6066-11e4-a52e-4f735466cec ... dow!='undefined'?window.document:null}, arguments);}\n).apply(null, arguments);","scriptTimeout":null,"specialPowers":false}]
1558902963700	Marionette	DEBUG	0 <- [1,7,null,{"value":"https://www.sec.gov/Archives/edgar/data/831001/000083100117000038/0000831001-17-000038-index.htm"}]
1558902963703	Marionette	DEBUG	0 -> [0,8,"WebDriver:ExecuteScript",{"args":[{"ELEMENT":"a44beedd-29b6-449e-a8a5-3a2c2f45db4a","element-6066-11e4-a52e-4f735466cec ... dow!='undefined'?window.document:null}, arguments);}\n).apply(null, arguments);","scriptTimeout":null,"specialPowers":false}]
1558902963707	Marionette	DEBUG	0 <- [1,8,null,{"value":"https://www.sec.gov/Archives/edgar/data/831001/000083100116000235/0000831001-16-000235-index.htm"}]
1558902963710	Marionette	DEBUG	0 -> [0,9,"WebDriver:ExecuteScript",{"args":[{"ELEMENT":"55b2c57a-4bcf-4362-93ce-6bc990863b08","element-6066-11e4-a52e-4f735466cec ... dow!='undefined'?window.document:null}, arguments);}\n).apply(null, arguments);","scriptTimeout":null,"specialPowers":false}]
1558902963716	Marionette	DEBUG	0 <- [1,9,null,{"value":"https://www.sec.gov/Archives/edgar/data/831001/000083100115000043/0000831001-15-000043-index.htm"}]
1558902963719	Marionette	DEBUG	0 -> [0,10,"WebDriver:ExecuteScript",{"args":[{"ELEMENT":"51c96bde-ff78-46dd-b55e-68904c4a3201","element-6066-11e4-a52e-4f735466ce ... dow!='undefined'?window.document:null}, arguments);}\n).apply(null, arguments);","scriptTimeout":null,"specialPowers":false}]
1558902963725	Marionette	DEBUG	0 <- [1,10,null,{"value":"https://www.sec.gov/Archives/edgar/data/831001/000110465914015152/0001104659-14-015152-index.htm"}]
1558902963730	Marionette	DEBUG	0 -> [0,11,"WebDriver:ExecuteScript",{"args":[{"ELEMENT":"880874e2-c94a-464f-9aa5-8a7d8ebd6801","element-6066-11e4-a52e-4f735466ce ... dow!='undefined'?window.document:null}, arguments);}\n).apply(null, arguments);","scriptTimeout":null,"specialPowers":false}]
1558902963737	Marionette	DEBUG	0 <- [1,11,null,{"value":"https://www.sec.gov/Archives/edgar/data/831001/000120677413000852/0001206774-13-000852-index.htm"}]
1558902963739	Marionette	DEBUG	0 -> [0,12,"WebDriver:ExecuteScript",{"args":[{"ELEMENT":"44d525c1-bb33-4437-9d7d-84563f98db17","element-6066-11e4-a52e-4f735466ce ... dow!='undefined'?window.document:null}, arguments);}\n).apply(null, arguments);","scriptTimeout":null,"specialPowers":false}]
1558902963747	Marionette	DEBUG	0 <- [1,12,null,{"value":"https://www.sec.gov/Archives/edgar/data/831001/000120677412000799/0001206774-12-000799-index.htm"}]
1558902963750	Marionette	DEBUG	0 -> [0,13,"WebDriver:ExecuteScript",{"args":[{"ELEMENT":"1c59df2b-2787-49bb-a4c9-f381c2c153eb","element-6066-11e4-a52e-4f735466ce ... dow!='undefined'?window.document:null}, arguments);}\n).apply(null, arguments);","scriptTimeout":null,"specialPowers":false}]
1558902963756	Marionette	DEBUG	0 <- [1,13,null,{"value":"https://www.sec.gov/Archives/edgar/data/831001/000120677411000316/0001206774-11-000316-index.htm"}]
1558902963759	Marionette	DEBUG	0 -> [0,14,"WebDriver:ExecuteScript",{"args":[{"ELEMENT":"3cff2313-0687-4e40-8b76-66920af3cfd0","element-6066-11e4-a52e-4f735466ce ... dow!='undefined'?window.document:null}, arguments);}\n).apply(null, arguments);","scriptTimeout":null,"specialPowers":false}]
1558902963766	Marionette	DEBUG	0 <- [1,14,null,{"value":"https://www.sec.gov/Archives/edgar/data/831001/000120677410000406/0001206774-10-000406-index.htm"}]
1558902963769	Marionette	DEBUG	0 -> [0,15,"WebDriver:ExecuteScript",{"args":[{"ELEMENT":"e8a60d7e-995e-4d21-865b-f45b46c7296d","element-6066-11e4-a52e-4f735466ce ... dow!='undefined'?window.document:null}, arguments);}\n).apply(null, arguments);","scriptTimeout":null,"specialPowers":false}]
1558902963776	Marionette	DEBUG	0 <- [1,15,null,{"value":"https://www.sec.gov/Archives/edgar/data/831001/000119312509041237/0001193125-09-041237-index.htm"}]
1558902963779	Marionette	DEBUG	0 -> [0,16,"WebDriver:ExecuteScript",{"args":[{"ELEMENT":"29a0af5c-323c-41f5-82ab-e57acec6af83","element-6066-11e4-a52e-4f735466ce ... dow!='undefined'?window.document:null}, arguments);}\n).apply(null, arguments);","scriptTimeout":null,"specialPowers":false}]
1558902963785	Marionette	DEBUG	0 <- [1,16,null,{"value":"https://www.sec.gov/Archives/edgar/data/831001/000119312508036445/0001193125-08-036445-index.htm"}]
1558902963788	Marionette	DEBUG	0 -> [0,17,"WebDriver:ExecuteScript",{"args":[{"ELEMENT":"8f4901ad-84ec-42c7-a6e4-45e60c71db06","element-6066-11e4-a52e-4f735466ce ... dow!='undefined'?window.document:null}, arguments);}\n).apply(null, arguments);","scriptTimeout":null,"specialPowers":false}]
1558902963793	Marionette	DEBUG	0 <- [1,17,null,{"value":"https://www.sec.gov/Archives/edgar/data/831001/000119312507038505/0001193125-07-038505-index.htm"}]
1558902963797	Marionette	DEBUG	0 -> [0,18,"WebDriver:ExecuteScript",{"args":[{"ELEMENT":"382178fb-3550-4223-a9b7-62860144b7e5","element-6066-11e4-a52e-4f735466ce ... dow!='undefined'?window.document:null}, arguments);}\n).apply(null, arguments);","scriptTimeout":null,"specialPowers":false}]
1558902963802	Marionette	DEBUG	0 <- [1,18,null,{"value":"https://www.sec.gov/Archives/edgar/data/831001/000104746906002377/0001047469-06-002377-index.htm"}]
1558902963806	Marionette	DEBUG	0 -> [0,19,"WebDriver:ExecuteScript",{"args":[{"ELEMENT":"15c691a2-b667-4b21-83e2-8f528bcd482b","element-6066-11e4-a52e-4f735466ce ... dow!='undefined'?window.document:null}, arguments);}\n).apply(null, arguments);","scriptTimeout":null,"specialPowers":false}]
1558902963812	Marionette	DEBUG	0 <- [1,19,null,{"value":"https://www.sec.gov/Archives/edgar/data/831001/000104746905004988/0001047469-05-004988-index.htm"}]
1558902963815	Marionette	DEBUG	0 -> [0,20,"WebDriver:ExecuteScript",{"args":[{"ELEMENT":"091a14b2-eedb-4d13-add3-11e164cf4a5a","element-6066-11e4-a52e-4f735466ce ... dow!='undefined'?window.document:null}, arguments);}\n).apply(null, arguments);","scriptTimeout":null,"specialPowers":false}]
1558902963821	Marionette	DEBUG	0 <- [1,20,null,{"value":"https://www.sec.gov/Archives/edgar/data/831001/000104746904006087/0001047469-04-006087-index.htm"}]
1558902963824	Marionette	DEBUG	0 -> [0,21,"WebDriver:ExecuteScript",{"args":[{"ELEMENT":"c0da5941-eb7e-4083-8936-eb9c6b646651","element-6066-11e4-a52e-4f735466ce ... dow!='undefined'?window.document:null}, arguments);}\n).apply(null, arguments);","scriptTimeout":null,"specialPowers":false}]
1558902963829	Marionette	DEBUG	0 <- [1,21,null,{"value":"https://www.sec.gov/Archives/edgar/data/831001/000104746903007460/0001047469-03-007460-index.htm"}]
1558902963832	Marionette	DEBUG	0 -> [0,22,"WebDriver:ExecuteScript",{"args":[{"ELEMENT":"18c83aba-af66-43e1-bd81-bdaefdab95ed","element-6066-11e4-a52e-4f735466ce ... dow!='undefined'?window.document:null}, arguments);}\n).apply(null, arguments);","scriptTimeout":null,"specialPowers":false}]
1558902963838	Marionette	DEBUG	0 <- [1,22,null,{"value":"https://www.sec.gov/Archives/edgar/data/831001/000095012302006629/0000950123-02-006629-index.htm"}]
1558902963841	Marionette	DEBUG	0 -> [0,23,"WebDriver:ExecuteScript",{"args":[{"ELEMENT":"f870d888-b724-4525-8eab-7a5aaf873d27","element-6066-11e4-a52e-4f735466ce ... dow!='undefined'?window.document:null}, arguments);}\n).apply(null, arguments);","scriptTimeout":null,"specialPowers":false}]
1558902963847	Marionette	DEBUG	0 <- [1,23,null,{"value":"https://www.sec.gov/Archives/edgar/data/831001/000091205702009629/0000912057-02-009629-index.htm"}]
1558902963850	Marionette	DEBUG	0 -> [0,24,"WebDriver:ExecuteScript",{"args":[{"ELEMENT":"5197de90-0419-403c-bcb1-c9db33a956c7","element-6066-11e4-a52e-4f735466ce ... dow!='undefined'?window.document:null}, arguments);}\n).apply(null, arguments);","scriptTimeout":null,"specialPowers":false}]
1558902963856	Marionette	DEBUG	0 <- [1,24,null,{"value":"https://www.sec.gov/Archives/edgar/data/831001/000095012301504011/0000950123-01-504011-index.htm"}]
1558902963859	Marionette	DEBUG	0 -> [0,25,"WebDriver:ExecuteScript",{"args":[{"ELEMENT":"e5efa7dc-70bd-48d0-b4ef-e49cb9cf5134","element-6066-11e4-a52e-4f735466ce ... dow!='undefined'?window.document:null}, arguments);}\n).apply(null, arguments);","scriptTimeout":null,"specialPowers":false}]
1558902963865	Marionette	DEBUG	0 <- [1,25,null,{"value":"https://www.sec.gov/Archives/edgar/data/831001/000091205701007605/0000912057-01-007605-index.htm"}]
1558902963868	Marionette	DEBUG	0 -> [0,26,"WebDriver:ExecuteScript",{"args":[{"ELEMENT":"fa73e949-2c28-46f4-aacc-297d3014c95f","element-6066-11e4-a52e-4f735466ce ... dow!='undefined'?window.document:null}, arguments);}\n).apply(null, arguments);","scriptTimeout":null,"specialPowers":false}]
1558902963874	Marionette	DEBUG	0 <- [1,26,null,{"value":"https://www.sec.gov/Archives/edgar/data/831001/000095012300006154/0000950123-00-006154-index.htm"}]
1558902963877	Marionette	DEBUG	0 -> [0,27,"WebDriver:ExecuteScript",{"args":[{"ELEMENT":"ea36311e-914e-4178-80ff-24746c0c4075","element-6066-11e4-a52e-4f735466ce ... dow!='undefined'?window.document:null}, arguments);}\n).apply(null, arguments);","scriptTimeout":null,"specialPowers":false}]
1558902963883	Marionette	DEBUG	0 <- [1,27,null,{"value":"https://www.sec.gov/Archives/edgar/data/831001/0001005477-00-002089-index.html"}]
1558902963886	Marionette	DEBUG	0 -> [0,28,"WebDriver:ExecuteScript",{"args":[{"ELEMENT":"f48d89ec-b0e4-426d-8c12-3fdc9f5f0b1d","element-6066-11e4-a52e-4f735466ce ... dow!='undefined'?window.document:null}, arguments);}\n).apply(null, arguments);","scriptTimeout":null,"specialPowers":false}]
1558902963891	Marionette	DEBUG	0 <- [1,28,null,{"value":"https://www.sec.gov/Archives/edgar/data/831001/0001005477-99-003010-index.html"}]
1558902963894	Marionette	DEBUG	0 -> [0,29,"WebDriver:ExecuteScript",{"args":[{"ELEMENT":"2fe23839-a33e-436e-8e75-989ee0077fa2","element-6066-11e4-a52e-4f735466ce ... dow!='undefined'?window.document:null}, arguments);}\n).apply(null, arguments);","scriptTimeout":null,"specialPowers":false}]
1558902963899	Marionette	DEBUG	0 <- [1,29,null,{"value":"https://www.sec.gov/Archives/edgar/data/831001/0001047469-99-008860-index.html"}]
1558902963902	Marionette	DEBUG	0 -> [0,30,"WebDriver:ExecuteScript",{"args":[{"ELEMENT":"bca3c63c-6eaf-4a87-950c-cf97ab940b40","element-6066-11e4-a52e-4f735466ce ... dow!='undefined'?window.document:null}, arguments);}\n).apply(null, arguments);","scriptTimeout":null,"specialPowers":false}]
1558902963907	Marionette	DEBUG	0 <- [1,30,null,{"value":"https://www.sec.gov/Archives/edgar/data/831001/0001005477-98-002109-index.html"}]
1558902963911	Marionette	DEBUG	0 -> [0,31,"WebDriver:ExecuteScript",{"args":[{"ELEMENT":"f5d6a740-7f7d-433a-9334-fe00c1a7fc6b","element-6066-11e4-a52e-4f735466ce ... dow!='undefined'?window.document:null}, arguments);}\n).apply(null, arguments);","scriptTimeout":null,"specialPowers":false}]
1558902963916	Marionette	DEBUG	0 <- [1,31,null,{"value":"https://www.sec.gov/Archives/edgar/data/831001/0001005477-98-000860-index.html"}]
1558902963919	Marionette	DEBUG	0 -> [0,32,"WebDriver:ExecuteScript",{"args":[{"ELEMENT":"df91b993-32d8-4655-ae0b-dbd1defda6c1","element-6066-11e4-a52e-4f735466ce ... dow!='undefined'?window.document:null}, arguments);}\n).apply(null, arguments);","scriptTimeout":null,"specialPowers":false}]
1558902963924	Marionette	DEBUG	0 <- [1,32,null,{"value":"https://www.sec.gov/Archives/edgar/data/831001/0001005477-97-002364-index.html"}]
1558902963927	Marionette	DEBUG	0 -> [0,33,"WebDriver:ExecuteScript",{"args":[{"ELEMENT":"cba7a880-3487-47b5-9fee-9a34ddc61054","element-6066-11e4-a52e-4f735466ce ... dow!='undefined'?window.document:null}, arguments);}\n).apply(null, arguments);","scriptTimeout":null,"specialPowers":false}]
1558902963933	Marionette	DEBUG	0 <- [1,33,null,{"value":"https://www.sec.gov/Archives/edgar/data/831001/0000912057-97-022012-index.html"}]
1558902963936	Marionette	DEBUG	0 -> [0,34,"WebDriver:ExecuteScript",{"args":[{"ELEMENT":"16ff150b-f2ff-4583-8d79-a8cd8b979163","element-6066-11e4-a52e-4f735466ce ... dow!='undefined'?window.document:null}, arguments);}\n).apply(null, arguments);","scriptTimeout":null,"specialPowers":false}]
1558902963941	Marionette	DEBUG	0 <- [1,34,null,{"value":"https://www.sec.gov/Archives/edgar/data/831001/0001005477-97-000866-index.html"}]
1558902963944	Marionette	DEBUG	0 -> [0,35,"WebDriver:ExecuteScript",{"args":[{"ELEMENT":"c7f2e51b-355d-4d1f-bba3-df88d32ccdcb","element-6066-11e4-a52e-4f735466ce ... dow!='undefined'?window.document:null}, arguments);}\n).apply(null, arguments);","scriptTimeout":null,"specialPowers":false}]
1558902963949	Marionette	DEBUG	0 <- [1,35,null,{"value":"https://www.sec.gov/Archives/edgar/data/831001/0000950112-96-002225-index.html"}]
1558902963952	Marionette	DEBUG	0 -> [0,36,"WebDriver:ExecuteScript",{"args":[{"ELEMENT":"1370a9e3-a3d4-4fc0-861e-9d8447d2a481","element-6066-11e4-a52e-4f735466ce ... dow!='undefined'?window.document:null}, arguments);}\n).apply(null, arguments);","scriptTimeout":null,"specialPowers":false}]
1558902963958	Marionette	DEBUG	0 <- [1,36,null,{"value":"https://www.sec.gov/Archives/edgar/data/831001/0000950112-96-000929-index.html"}]
1558902963961	Marionette	DEBUG	0 -> [0,37,"WebDriver:ExecuteScript",{"args":[{"ELEMENT":"da61a489-368b-4061-b6de-facfe666083f","element-6066-11e4-a52e-4f735466ce ... dow!='undefined'?window.document:null}, arguments);}\n).apply(null, arguments);","scriptTimeout":null,"specialPowers":false}]
1558902963966	Marionette	DEBUG	0 <- [1,37,null,{"value":"https://www.sec.gov/Archives/edgar/data/831001/0000950112-95-001867-index.html"}]
1558902963969	Marionette	DEBUG	0 -> [0,38,"WebDriver:ExecuteScript",{"args":[{"ELEMENT":"667e5da0-b00f-460a-9155-a5dd54aae4e7","element-6066-11e4-a52e-4f735466ce ... dow!='undefined'?window.document:null}, arguments);}\n).apply(null, arguments);","scriptTimeout":null,"specialPowers":false}]
1558902963975	Marionette	DEBUG	0 <- [1,38,null,{"value":"https://www.sec.gov/Archives/edgar/data/831001/0000950112-95-001791-index.html"}]
1558902963978	Marionette	DEBUG	0 -> [0,39,"WebDriver:ExecuteScript",{"args":[{"ELEMENT":"5f484caa-e3bf-4bfd-952d-3256d967b188","element-6066-11e4-a52e-4f735466ce ... dow!='undefined'?window.document:null}, arguments);}\n).apply(null, arguments);","scriptTimeout":null,"specialPowers":false}]
1558902963983	Marionette	DEBUG	0 <- [1,39,null,{"value":"https://www.sec.gov/Archives/edgar/data/831001/0000950112-95-000845-index.html"}]
1558902963986	Marionette	DEBUG	0 -> [0,40,"WebDriver:ExecuteScript",{"args":[{"ELEMENT":"f4e31f91-a44c-414f-9cb0-bcde972c2d22","element-6066-11e4-a52e-4f735466ce ... dow!='undefined'?window.document:null}, arguments);}\n).apply(null, arguments);","scriptTimeout":null,"specialPowers":false}]
1558902963992	Marionette	DEBUG	0 <- [1,40,null,{"value":"https://www.sec.gov/Archives/edgar/data/831001/0000950112-94-001749-index.html"}]
1558902963995	Marionette	DEBUG	0 -> [0,41,"WebDriver:ExecuteScript",{"args":[{"ELEMENT":"7be5ee7b-9dd6-4235-8d3b-9e6c9973227c","element-6066-11e4-a52e-4f735466ce ... dow!='undefined'?window.document:null}, arguments);}\n).apply(null, arguments);","scriptTimeout":null,"specialPowers":false}]
1558902964000	Marionette	DEBUG	0 <- [1,41,null,{"value":"https://www.sec.gov/Archives/edgar/data/831001/0000950112-94-000839-index.html"}]
1558902964003	Marionette	DEBUG	0 -> [0,42,"WebDriver:Navigate",{"url":"https://www.sec.gov/Archives/edgar/data/831001/000083100119000027/0000831001-19-000027.txt"}]
1558902964006	Marionette	TRACE	[4294967297] Received DOM event beforeunload for https://www.sec.gov/cgi-bin/browse-edgar?action=getcompany&CIK=C&type=10-K&dateb=&owner=exclude&count=100&output=xml
JavaScript error: https://www.sec.gov/cgi-bin/browse-edgar?action=getcompany&CIK=C&type=10-K&dateb=&owner=exclude&count=100&output=xml line 2456 > scriptElement, line 5: ReferenceError: gtmYTplayers is not defined
1558902964403	Marionette	TRACE	[4294967297] Received DOM event pagehide for https://www.sec.gov/cgi-bin/browse-edgar?action=getcompany&CIK=C&type=10-K&dateb=&owner=exclude&count=100&output=xml
1558902964406	Marionette	TRACE	[4294967297] Received DOM event unload for https://www.sec.gov/cgi-bin/browse-edgar?action=getcompany&CIK=C&type=10-K&dateb=&owner=exclude&count=100&output=xml
1558902964554	Marionette	TRACE	[4294967297] Received observer notification outer-window-destroyed
1558902978321	Marionette	TRACE	[4294967297] Received DOM event DOMContentLoaded for https://www.sec.gov/Archives/edgar/data/831001/000083100119000027/0000831001-19-000027.txt
1558902988778	Marionette	TRACE	[4294967297] Received DOM event pageshow for https://www.sec.gov/Archives/edgar/data/831001/000083100119000027/0000831001-19-000027.txt
1558902988779	Marionette	DEBUG	0 <- [1,42,null,{"value":null}]
1558902988787	Marionette	DEBUG	0 -> [0,43,"WebDriver:GetPageSource",{}]
1558902990217	Marionette	DEBUG	0 <- [1,43,null,{"value":"<html><head><link rel=\"alternate stylesheet\" type=\"text/css\" href=\"resource://content-accessible/pl ...     &amp;  8 &gt; $  '#_&amp;0    $!\n\nend\n&lt;/TEXT&gt;\n&lt;/DOCUMENT&gt;\n&lt;/SEC-DOCUMENT&gt;\n</pre></body></html>"}]
1558902995018	Marionette	DEBUG	0 -> [0,44,"WebDriver:Navigate",{"url":"https://www.sec.gov/Archives/edgar/data/831001/000083100118000040/0000831001-18-000040.txt"}]
1558902995026	Marionette	TRACE	[4294967297] Received DOM event beforeunload for https://www.sec.gov/Archives/edgar/data/831001/000083100119000027/0000831001-19-000027.txt
1558902995389	Marionette	TRACE	[4294967297] Received DOM event pagehide for https://www.sec.gov/Archives/edgar/data/831001/000083100119000027/0000831001-19-000027.txt
console.error: BroadcastService: 
  receivedBroadcastMessage: handler for
  remote-settings/monitor_changes
  threw error:
  Message: Error: Polling for changes failed: http://%(server)s/dummy/blocklist//buckets/monitor/collections/changes/records?_expected=%221558742407364%22 is not a valid URL..
  Stack:
    remoteSettingsFunction/remoteSettings.pollChanges@resource://services-settings/remote-settings.js:203:13

1558903010081	Marionette	TRACE	[4294967297] Received DOM event DOMContentLoaded for https://www.sec.gov/Archives/edgar/data/831001/000083100118000040/0000831001-18-000040.txt
1558903010086	Marionette	TRACE	[4294967297] Received DOM event pageshow for https://www.sec.gov/Archives/edgar/data/831001/000083100118000040/0000831001-18-000040.txt
1558903010088	Marionette	DEBUG	0 <- [1,44,null,{"value":null}]
1558903010094	Marionette	DEBUG	0 -> [0,45,"WebDriver:GetPageSource",{}]
1558903011436	Marionette	DEBUG	0 <- [1,45,null,{"value":"<html><head><link rel=\"alternate stylesheet\" type=\"text/css\" href=\"resource://content-accessible/pl ... Q0\n52P4&amp;      8 !@!X 0  H]&lt;9\n\nend\n&lt;/TEXT&gt;\n&lt;/DOCUMENT&gt;\n&lt;/SEC-DOCUMENT&gt;\n</pre></body></html>"}]
1558903015057	Marionette	DEBUG	0 -> [0,46,"WebDriver:Navigate",{"url":"https://www.sec.gov/Archives/edgar/data/831001/000083100117000038/0000831001-17-000038.txt"}]
1558903015060	Marionette	TRACE	[4294967297] Received DOM event beforeunload for https://www.sec.gov/Archives/edgar/data/831001/000083100118000040/0000831001-18-000040.txt
1558903015456	Marionette	TRACE	[4294967297] Received DOM event pagehide for https://www.sec.gov/Archives/edgar/data/831001/000083100118000040/0000831001-18-000040.txt
1558903026853	Marionette	TRACE	[4294967297] Received DOM event DOMContentLoaded for https://www.sec.gov/Archives/edgar/data/831001/000083100117000038/0000831001-17-000038.txt
1558903031285	Marionette	TRACE	[4294967297] Received DOM event pageshow for https://www.sec.gov/Archives/edgar/data/831001/000083100117000038/0000831001-17-000038.txt
1558903031287	Marionette	DEBUG	0 <- [1,46,null,{"value":null}]
1558903031292	Marionette	DEBUG	0 -> [0,47,"WebDriver:GetPageSource",{}]
1558903032656	Marionette	DEBUG	0 <- [1,47,null,{"value":"<html><head><link rel=\"alternate stylesheet\" type=\"text/css\" href=\"resource://content-accessible/pl ... !+!08\n1    !@ &amp; '@!  #?:1H    !\n\nend\n&lt;/TEXT&gt;\n&lt;/DOCUMENT&gt;\n&lt;/SEC-DOCUMENT&gt;\n</pre></body></html>"}]
1558903036311	Marionette	DEBUG	0 -> [0,48,"WebDriver:Navigate",{"url":"https://www.sec.gov/Archives/edgar/data/831001/000083100116000235/0000831001-16-000235.txt"}]
1558903036316	Marionette	TRACE	[4294967297] Received DOM event beforeunload for https://www.sec.gov/Archives/edgar/data/831001/000083100117000038/0000831001-17-000038.txt
1558903036721	Marionette	TRACE	[4294967297] Received DOM event pagehide for https://www.sec.gov/Archives/edgar/data/831001/000083100117000038/0000831001-17-000038.txt
1558903052475	Marionette	TRACE	[4294967297] Received DOM event DOMContentLoaded for https://www.sec.gov/Archives/edgar/data/831001/000083100116000235/0000831001-16-000235.txt
1558903052478	Marionette	TRACE	[4294967297] Received DOM event pageshow for https://www.sec.gov/Archives/edgar/data/831001/000083100116000235/0000831001-16-000235.txt
1558903052479	Marionette	DEBUG	0 <- [1,48,null,{"value":null}]
1558903052485	Marionette	DEBUG	0 -> [0,49,"WebDriver:GetPageSource",{}]
1558903054007	Marionette	DEBUG	0 <- [1,49,null,{"value":"<html><head><link rel=\"alternate stylesheet\" type=\"text/css\" href=\"resource://content-accessible/pl ... X;6Q02P4&amp;      8 !@!X 0  :4D;\n#\n\nend\n&lt;/TEXT&gt;\n&lt;/DOCUMENT&gt;\n&lt;/SEC-DOCUMENT&gt;\n</pre></body></html>"}]
1558903059141	Marionette	DEBUG	0 -> [0,50,"WebDriver:Navigate",{"url":"https://www.sec.gov/Archives/edgar/data/831001/000083100115000043/0000831001-15-000043.txt"}]
1558903059150	Marionette	TRACE	[4294967297] Received DOM event beforeunload for https://www.sec.gov/Archives/edgar/data/831001/000083100116000235/0000831001-16-000235.txt
1558903059575	Marionette	TRACE	[4294967297] Received DOM event pagehide for https://www.sec.gov/Archives/edgar/data/831001/000083100116000235/0000831001-16-000235.txt
1558903081130	Marionette	TRACE	[4294967297] Received DOM event DOMContentLoaded for https://www.sec.gov/Archives/edgar/data/831001/000083100115000043/0000831001-15-000043.txt
1558903081133	Marionette	TRACE	[4294967297] Received DOM event pageshow for https://www.sec.gov/Archives/edgar/data/831001/000083100115000043/0000831001-15-000043.txt
1558903081134	Marionette	DEBUG	0 <- [1,50,null,{"value":null}]
1558903081143	Marionette	DEBUG	0 -> [0,51,"WebDriver:GetPageSource",{}]
1558903083121	Marionette	DEBUG	0 <- [1,51,null,{"value":"<html><head><link rel=\"alternate stylesheet\" type=\"text/css\" href=\"resource://content-accessible/pl ... lt;/div&gt;\n  &lt;/body&gt;\n&lt;/html&gt;\n&lt;/TEXT&gt;\n&lt;/DOCUMENT&gt;\n&lt;/SEC-DOCUMENT&gt;\n</pre></body></html>"}]
1558903089601	Marionette	DEBUG	0 -> [0,52,"WebDriver:Navigate",{"url":"https://www.sec.gov/Archives/edgar/data/831001/000110465914015152/0001104659-14-015152.txt"}]
1558903089607	Marionette	TRACE	[4294967297] Received DOM event beforeunload for https://www.sec.gov/Archives/edgar/data/831001/000083100115000043/0000831001-15-000043.txt
1558903090008	Marionette	TRACE	[4294967297] Received DOM event pagehide for https://www.sec.gov/Archives/edgar/data/831001/000083100115000043/0000831001-15-000043.txt
1558903108682	Marionette	TRACE	[4294967297] Received DOM event DOMContentLoaded for https://www.sec.gov/Archives/edgar/data/831001/000110465914015152/0001104659-14-015152.txt
1558903110787	Marionette	TRACE	[4294967297] Received DOM event pageshow for https://www.sec.gov/Archives/edgar/data/831001/000110465914015152/0001104659-14-015152.txt
1558903110788	Marionette	DEBUG	0 <- [1,52,null,{"value":null}]
1558903110796	Marionette	DEBUG	0 -> [0,53,"WebDriver:GetPageSource",{}]
1558903112273	Marionette	DEBUG	0 <- [1,53,{"error":"unknown error","message":"[Exception... \"Failure\"  nsresult: \"0x80004005 (NS_ERROR_FAILURE)\"  location: \ ... Response@chrome://marionette/content/listener.js:636:3\ndispatch/</<@chrome://marionette/content/listener.js:486:20\n"},null]
1558903112410	Marionette	DEBUG	Closed connection 0
JavaScript error: chrome://browser/content/browser-customization.js, line 167: NS_ERROR_NOT_INITIALIZED: 
[Parent 22323, Gecko_IOThread] WARNING: pipe error (77): Connection reset by peer: file /build/firefox-MhlWie/firefox-67.0+build2/ipc/chromium/src/chrome/common/ipc_channel_posix.cc, line 357
1558903490845	Marionette	TRACE	Received observer notification xpcom-will-shutdown
1558903490845	Marionette	DEBUG	Resetting recommended pref app.update.disabledForTesting
1558903490845	Marionette	DEBUG	Resetting recommended pref apz.content_response_timeout
1558903490845	Marionette	DEBUG	Resetting recommended pref browser.contentblocking.introCount
1558903490846	Marionette	DEBUG	Resetting recommended pref browser.download.panel.shown
1558903490846	Marionette	DEBUG	Resetting recommended pref browser.newtabpage.enabled
1558903490846	Marionette	DEBUG	Resetting recommended pref browser.pagethumbnails.capturing_disabled
1558903490846	Marionette	DEBUG	Resetting recommended pref browser.search.update
1558903490846	Marionette	DEBUG	Resetting recommended pref browser.tabs.disableBackgroundZombification
1558903490847	Marionette	DEBUG	Resetting recommended pref browser.tabs.warnOnCloseOtherTabs
1558903490847	Marionette	DEBUG	Resetting recommended pref browser.tabs.warnOnOpen
1558903490847	Marionette	DEBUG	Resetting recommended pref browser.usedOnWindows10.introURL
1558903490847	Marionette	DEBUG	Resetting recommended pref browser.urlbar.suggest.searches
1558903490847	Marionette	DEBUG	Resetting recommended pref datareporting.policy.dataSubmissionPolicyAccepted
1558903490848	Marionette	DEBUG	Resetting recommended pref dom.disable_beforeunload
1558903490848	Marionette	DEBUG	Resetting recommended pref dom.disable_open_during_load
1558903490848	Marionette	DEBUG	Resetting recommended pref dom.file.createInChild
1558903490848	Marionette	DEBUG	Resetting recommended pref dom.max_chrome_script_run_time
1558903490848	Marionette	DEBUG	Resetting recommended pref dom.max_script_run_time
1558903490848	Marionette	DEBUG	Resetting recommended pref extensions.getAddons.cache.enabled
1558903490848	Marionette	DEBUG	Resetting recommended pref extensions.webservice.discoverURL
1558903490849	Marionette	DEBUG	Resetting recommended pref network.http.prompt-temp-redirect
1558903490849	Marionette	DEBUG	Resetting recommended pref network.http.speculative-parallel-limit
1558903490849	Marionette	DEBUG	Resetting recommended pref security.certerrors.mitm.priming.enabled
1558903490849	Marionette	DEBUG	Resetting recommended pref security.fileuri.strict_origin_policy
1558903490849	Marionette	DEBUG	Resetting recommended pref security.notification_enable_delay
1558903490849	Marionette	DEBUG	Resetting recommended pref signon.autofillForms
1558903490849	Marionette	DEBUG	Resetting recommended pref signon.rememberSignons
1558903490849	Marionette	DEBUG	Resetting recommended pref toolkit.cosmeticAnimations.enabled
1558903490849	Marionette	INFO	Stopped listening on port 43271
1558903490849	Marionette	DEBUG	Remote service is inactive
1558904179853	mozrunner::runner	INFO	Running command: "/usr/bin/firefox" "-marionette" "-headless" "-foreground" "-no-remote" "-profile" "/tmp/rust_mozprofile.VcZibXNZwVMg"
*** You are running in headless mode.
1558904180113	addons.webextension.screenshots@mozilla.org	WARN	Loading extension 'screenshots@mozilla.org': Reading manifest: Invalid extension permission: mozillaAddons
1558904180113	addons.webextension.screenshots@mozilla.org	WARN	Loading extension 'screenshots@mozilla.org': Reading manifest: Invalid extension permission: resource://pdf.js/
1558904180114	addons.webextension.screenshots@mozilla.org	WARN	Loading extension 'screenshots@mozilla.org': Reading manifest: Invalid extension permission: about:reader*
1558904181181	Marionette	INFO	Listening on port 34091
1558904181259	Marionette	WARN	TLS certificate errors will be ignored for this session
JavaScript error: https://www.sec.gov/cgi-bin/browse-edgar?action=getcompany&CIK=C&type=10-K&dateb=&owner=exclude&count=100&output=xml line 2456 > scriptElement, line 5: ReferenceError: gtmYTplayers is not defined
console.error: BroadcastService: 
  receivedBroadcastMessage: handler for
  remote-settings/monitor_changes
  threw error:
  Message: Error: Polling for changes failed: http://%(server)s/dummy/blocklist//buckets/monitor/collections/changes/records?_expected=%221558742407364%22 is not a valid URL..
  Stack:
    remoteSettingsFunction/remoteSettings.pollChanges@resource://services-settings/remote-settings.js:203:13

1558904482055	mozrunner::runner	INFO	Running command: "/usr/bin/firefox" "-marionette" "-headless" "-foreground" "-no-remote" "-profile" "/tmp/rust_mozprofile.Y100HyY4CYC0"
*** You are running in headless mode.
1558904482301	addons.webextension.screenshots@mozilla.org	WARN	Loading extension 'screenshots@mozilla.org': Reading manifest: Invalid extension permission: mozillaAddons
1558904482301	addons.webextension.screenshots@mozilla.org	WARN	Loading extension 'screenshots@mozilla.org': Reading manifest: Invalid extension permission: resource://pdf.js/
1558904482301	addons.webextension.screenshots@mozilla.org	WARN	Loading extension 'screenshots@mozilla.org': Reading manifest: Invalid extension permission: about:reader*
1558904483195	Marionette	INFO	Listening on port 42457
1558904483278	Marionette	WARN	TLS certificate errors will be ignored for this session
JavaScript error: https://www.sec.gov/cgi-bin/browse-edgar?action=getcompany&CIK=C&type=10-K&dateb=&owner=exclude&count=100&output=xml line 2456 > scriptElement, line 5: ReferenceError: gtmYTplayers is not defined
console.error: BroadcastService: 
  receivedBroadcastMessage: handler for
  remote-settings/monitor_changes
  threw error:
  Message: Error: Polling for changes failed: http://%(server)s/dummy/blocklist//buckets/monitor/collections/changes/records?_expected=%221558742407364%22 is not a valid URL..
  Stack:
    remoteSettingsFunction/remoteSettings.pollChanges@resource://services-settings/remote-settings.js:203:13

1558904507668	Marionette	INFO	Stopped listening on port 42457
1558904560960	mozrunner::runner	INFO	Running command: "/usr/bin/firefox" "-marionette" "-headless" "-foreground" "-no-remote" "-profile" "/tmp/rust_mozprofile.Oy952vmHdKdD"
*** You are running in headless mode.
1558904561223	addons.webextension.screenshots@mozilla.org	WARN	Loading extension 'screenshots@mozilla.org': Reading manifest: Invalid extension permission: mozillaAddons
1558904561224	addons.webextension.screenshots@mozilla.org	WARN	Loading extension 'screenshots@mozilla.org': Reading manifest: Invalid extension permission: resource://pdf.js/
1558904561224	addons.webextension.screenshots@mozilla.org	WARN	Loading extension 'screenshots@mozilla.org': Reading manifest: Invalid extension permission: about:reader*
1558904562134	Marionette	INFO	Listening on port 39429
1558904562165	Marionette	WARN	TLS certificate errors will be ignored for this session
JavaScript error: https://www.sec.gov/cgi-bin/browse-edgar?action=getcompany&CIK=C&type=10-K&dateb=&owner=exclude&count=100&output=xml line 2456 > scriptElement, line 5: ReferenceError: gtmYTplayers is not defined
console.error: BroadcastService: 
  receivedBroadcastMessage: handler for
  remote-settings/monitor_changes
  threw error:
  Message: Error: Polling for changes failed: http://%(server)s/dummy/blocklist//buckets/monitor/collections/changes/records?_expected=%221558742407364%22 is not a valid URL..
  Stack:
    remoteSettingsFunction/remoteSettings.pollChanges@resource://services-settings/remote-settings.js:203:13

Exiting due to channel error.
Exiting due to channel error.
Exiting due to channel error.
1558904654385	mozrunner::runner	INFO	Running command: "/usr/bin/firefox" "-marionette" "-foreground" "-no-remote" "-profile" "/tmp/rust_mozprofile.F9sQQf58T8MY"
1558904654691	addons.webextension.screenshots@mozilla.org	WARN	Loading extension 'screenshots@mozilla.org': Reading manifest: Invalid extension permission: mozillaAddons
1558904654691	addons.webextension.screenshots@mozilla.org	WARN	Loading extension 'screenshots@mozilla.org': Reading manifest: Invalid extension permission: resource://pdf.js/
1558904654691	addons.webextension.screenshots@mozilla.org	WARN	Loading extension 'screenshots@mozilla.org': Reading manifest: Invalid extension permission: about:reader*
1558904655800	Marionette	INFO	Listening on port 38761
1558904655895	Marionette	WARN	TLS certificate errors will be ignored for this session
JavaScript error: https://www.sec.gov/cgi-bin/browse-edgar?action=getcompany&CIK=C&type=10-K&dateb=&owner=exclude&count=100&output=xml line 2456 > scriptElement, line 5: ReferenceError: gtmYTplayers is not defined
Exiting due to channel error.
Exiting due to channel error.
Exiting due to channel error.
